# JRE version: Java(TM) SE Runtime Environment (8.0_60-b27) (build 1.8.0_60-b27)
# Java VM: Java HotSpot(TM) 64-Bit Server VM (25.60-b23 mixed mode windows-amd64 compressed oops)
Heap:
 PSYoungGen      total 240640K, used 94352K [0x0000000775600000, 0x000000078f000000, 0x00000007c0000000)
  eden space 231424K, 36% used [0x0000000775600000,0x000000077a92b608,0x0000000783800000)
  from space 9216K, 99% used [0x0000000783800000,0x00000007840f8a68,0x0000000784100000)
  to   space 12288K, 0% used [0x000000078e400000,0x000000078e400000,0x000000078f000000)
 ParOldGen       total 78336K, used 10391K [0x00000006e0200000, 0x00000006e4e80000, 0x0000000775600000)
  object space 78336K, 13% used [0x00000006e0200000,0x00000006e0c25f88,0x00000006e4e80000)
 Metaspace       used 24614K, capacity 24812K, committed 25216K, reserved 1071104K
  class space    used 3038K, capacity 3113K, committed 3200K, reserved 1048576K
GC Heap History (10 events):
Event: 2.042 GC heap before
{Heap before GC invocations=2 (full 0):
 PSYoungGen      total 67072K, used 65996K [0x0000000775600000, 0x000000077d900000, 0x00000007c0000000)
  eden space 57856K, 100% used [0x0000000775600000,0x0000000778e80000,0x0000000778e80000)
  from space 9216K, 88% used [0x0000000778e80000,0x0000000779673250,0x0000000779780000)
  to   space 9216K, 0% used [0x000000077d000000,0x000000077d000000,0x000000077d900000)
 ParOldGen       total 153088K, used 32K [0x00000006e0200000, 0x00000006e9780000, 0x0000000775600000)
  object space 153088K, 0% used [0x00000006e0200000,0x00000006e0208000,0x00000006e9780000)
 Metaspace       used 18189K, capacity 18378K, committed 18688K, reserved 1064960K
  class space    used 2429K, capacity 2494K, committed 2560K, reserved 1048576K
Event: 2.061 GC heap after
Heap after GC invocations=2 (full 0):
 PSYoungGen      total 124928K, used 6490K [0x0000000775600000, 0x000000077d900000, 0x00000007c0000000)
  eden space 115712K, 0% used [0x0000000775600000,0x0000000775600000,0x000000077c700000)
  from space 9216K, 70% used [0x000000077d000000,0x000000077d656840,0x000000077d900000)
  to   space 9216K, 0% used [0x000000077c700000,0x000000077c700000,0x000000077d000000)
 ParOldGen       total 153088K, used 40K [0x00000006e0200000, 0x00000006e9780000, 0x0000000775600000)
  object space 153088K, 0% used [0x00000006e0200000,0x00000006e020a000,0x00000006e9780000)
 Metaspace       used 18189K, capacity 18378K, committed 18688K, reserved 1064960K
  class space    used 2429K, capacity 2494K, committed 2560K, reserved 1048576K
}
Event: 2.511 GC heap before
{Heap before GC invocations=3 (full 0):
 PSYoungGen      total 124928K, used 122202K [0x0000000775600000, 0x000000077d900000, 0x00000007c0000000)
  eden space 115712K, 100% used [0x0000000775600000,0x000000077c700000,0x000000077c700000)
  from space 9216K, 70% used [0x000000077d000000,0x000000077d656840,0x000000077d900000)
  to   space 9216K, 0% used [0x000000077c700000,0x000000077c700000,0x000000077d000000)
 ParOldGen       total 153088K, used 40K [0x00000006e0200000, 0x00000006e9780000, 0x0000000775600000)
  object space 153088K, 0% used [0x00000006e0200000,0x00000006e020a000,0x00000006e9780000)
 Metaspace       used 19424K, capacity 19558K, committed 19840K, reserved 1067008K
  class space    used 2576K, capacity 2626K, committed 2688K, reserved 1048576K
Event: 2.531 GC heap after
Heap after GC invocations=3 (full 0):
 PSYoungGen      total 124928K, used 6746K [0x0000000775600000, 0x0000000784a00000, 0x00000007c0000000)
  eden space 115712K, 0% used [0x0000000775600000,0x0000000775600000,0x000000077c700000)
  from space 9216K, 73% used [0x000000077c700000,0x000000077cd96860,0x000000077d000000)
  to   space 9216K, 0% used [0x0000000784100000,0x0000000784100000,0x0000000784a00000)
 ParOldGen       total 153088K, used 48K [0x00000006e0200000, 0x00000006e9780000, 0x0000000775600000)
  object space 153088K, 0% used [0x00000006e0200000,0x00000006e020c000,0x00000006e9780000)
 Metaspace       used 19424K, capacity 19558K, committed 19840K, reserved 1067008K
  class space    used 2576K, capacity 2626K, committed 2688K, reserved 1048576K
}
Event: 2.697 GC heap before
{Heap before GC invocations=4 (full 0):
 PSYoungGen      total 124928K, used 13433K [0x0000000775600000, 0x0000000784a00000, 0x00000007c0000000)
  eden space 115712K, 5% used [0x0000000775600000,0x0000000775c87c28,0x000000077c700000)
  from space 9216K, 73% used [0x000000077c700000,0x000000077cd96860,0x000000077d000000)
  to   space 9216K, 0% used [0x0000000784100000,0x0000000784100000,0x0000000784a00000)
 ParOldGen       total 153088K, used 48K [0x00000006e0200000, 0x00000006e9780000, 0x0000000775600000)
  object space 153088K, 0% used [0x00000006e0200000,0x00000006e020c000,0x00000006e9780000)
 Metaspace       used 20896K, capacity 21068K, committed 21296K, reserved 1067008K
  class space    used 2783K, capacity 2851K, committed 2944K, reserved 1048576K
Event: 2.708 GC heap after
Heap after GC invocations=4 (full 0):
 PSYoungGen      total 240640K, used 6780K [0x0000000775600000, 0x0000000784a00000, 0x00000007c0000000)
  eden space 231424K, 0% used [0x0000000775600000,0x0000000775600000,0x0000000783800000)
  from space 9216K, 73% used [0x0000000784100000,0x000000078479f058,0x0000000784a00000)
  to   space 9216K, 0% used [0x0000000783800000,0x0000000783800000,0x0000000784100000)
 ParOldGen       total 153088K, used 56K [0x00000006e0200000, 0x00000006e9780000, 0x0000000775600000)
  object space 153088K, 0% used [0x00000006e0200000,0x00000006e020e000,0x00000006e9780000)
 Metaspace       used 20896K, capacity 21068K, committed 21296K, reserved 1067008K
  class space    used 2783K, capacity 2851K, committed 2944K, reserved 1048576K
}
Event: 2.708 GC heap before
{Heap before GC invocations=5 (full 1):
 PSYoungGen      total 240640K, used 6780K [0x0000000775600000, 0x0000000784a00000, 0x00000007c0000000)
  eden space 231424K, 0% used [0x0000000775600000,0x0000000775600000,0x0000000783800000)
  from space 9216K, 73% used [0x0000000784100000,0x000000078479f058,0x0000000784a00000)
  to   space 9216K, 0% used [0x0000000783800000,0x0000000783800000,0x0000000784100000)
 ParOldGen       total 153088K, used 56K [0x00000006e0200000, 0x00000006e9780000, 0x0000000775600000)
  object space 153088K, 0% used [0x00000006e0200000,0x00000006e020e000,0x00000006e9780000)
 Metaspace       used 20896K, capacity 21068K, committed 21296K, reserved 1067008K
  class space    used 2783K, capacity 2851K, committed 2944K, reserved 1048576K
Event: 2.750 GC heap after
Heap after GC invocations=5 (full 1):
 PSYoungGen      total 240640K, used 0K [0x0000000775600000, 0x0000000784a00000, 0x00000007c0000000)
  eden space 231424K, 0% used [0x0000000775600000,0x0000000775600000,0x0000000783800000)
  from space 9216K, 0% used [0x0000000784100000,0x0000000784100000,0x0000000784a00000)
  to   space 9216K, 0% used [0x0000000783800000,0x0000000783800000,0x0000000784100000)
 ParOldGen       total 78336K, used 6604K [0x00000006e0200000, 0x00000006e4e80000, 0x0000000775600000)
  object space 78336K, 8% used [0x00000006e0200000,0x00000006e0873070,0x00000006e4e80000)
 Metaspace       used 20896K, capacity 21068K, committed 21296K, reserved 1067008K
  class space    used 2783K, capacity 2851K, committed 2944K, reserved 1048576K
}
Event: 220.850 GC heap before
{Heap before GC invocations=6 (full 1):
 PSYoungGen      total 240640K, used 231424K [0x0000000775600000, 0x0000000784a00000, 0x00000007c0000000)
  eden space 231424K, 100% used [0x0000000775600000,0x0000000783800000,0x0000000783800000)
  from space 9216K, 0% used [0x0000000784100000,0x0000000784100000,0x0000000784a00000)
  to   space 9216K, 0% used [0x0000000783800000,0x0000000783800000,0x0000000784100000)
 ParOldGen       total 78336K, used 6604K [0x00000006e0200000, 0x00000006e4e80000, 0x0000000775600000)
  object space 78336K, 8% used [0x00000006e0200000,0x00000006e0873070,0x00000006e4e80000)
 Metaspace       used 24547K, capacity 24748K, committed 25216K, reserved 1071104K
  class space    used 3038K, capacity 3113K, committed 3200K, reserved 1048576K
Event: 220.857 GC heap after
Heap after GC invocations=6 (full 1):
 PSYoungGen      total 240640K, used 9186K [0x0000000775600000, 0x000000078f000000, 0x00000007c0000000)
  eden space 231424K, 0% used [0x0000000775600000,0x0000000775600000,0x0000000783800000)
  from space 9216K, 99% used [0x0000000783800000,0x00000007840f8a68,0x0000000784100000)
  to   space 12288K, 0% used [0x000000078e400000,0x000000078e400000,0x000000078f000000)
 ParOldGen       total 78336K, used 10391K [0x00000006e0200000, 0x00000006e4e80000, 0x0000000775600000)
  object space 78336K, 13% used [0x00000006e0200000,0x00000006e0c25f88,0x00000006e4e80000)
 Metaspace       used 24547K, capacity 24748K, committed 25216K, reserved 1071104K
  class space    used 3038K, capacity 3113K, committed 3200K, reserved 1048576K
}

